[0629/120508.000:ERROR:process_memory_win.cc(73)] ReadMemory at 0x1670d3a0000 of 64 bytes failed: Seule une partie d’une requête ReadProcessMemory ou WriteProcessMemory a été effectuée. (0x12B)
[0629/120508.256:WARNING:pe_image_reader.cc(340)] could not read dos header from C:\WINDOWS\System32\shlwapi.dll
[0629/120508.257:ERROR:process_memory_win.cc(73)] ReadMemory at 0x1670d6a37a0 of 72 bytes failed: Seule une partie d’une requête ReadProcessMemory ou WriteProcessMemory a été effectuée. (0x12B)
[0629/120508.257:WARNING:pe_image_annotations_reader.cc(134)] could not read annotations list object in C:\Program Files (x86)\Google\Chrome\Application\75.0.3770.100\chrome_elf.dll
[0629/120508.257:ERROR:process_memory_win.cc(73)] ReadMemory at 0x1670dc10e60 of 72 bytes failed: Seule une partie d’une requête ReadProcessMemory ou WriteProcessMemory a été effectuée. (0x12B)
[0629/120508.257:WARNING:pe_image_annotations_reader.cc(134)] could not read annotations list object in C:\Program Files (x86)\Google\Chrome\Application\75.0.3770.100\chrome_child.dll
[0629/120508.258:ERROR:process_memory_win.cc(73)] ReadMemory at 0x1670d690000 of 64 bytes failed: Seule une partie d’une requête ReadProcessMemory ou WriteProcessMemory a été effectuée. (0x12B)
[0629/120508.258:WARNING:pe_image_reader.cc(340)] could not read dos header from C:\WINDOWS\System32\NSI.dll
[0629/120508.278:ERROR:process_memory_win.cc(73)] ReadMemory at 0x7e2ddc000 of 147456 bytes failed: Seule une partie d’une requête ReadProcessMemory ou WriteProcessMemory a été effectuée. (0x12B)
[0629/120508.323:ERROR:process_memory_win.cc(73)] ReadMemory at 0x7e2ffd000 of 12288 bytes failed: Seule une partie d’une requête ReadProcessMemory ou WriteProcessMemory a été effectuée. (0x12B)
[0629/120508.323:ERROR:process_memory_win.cc(73)] ReadMemory at 0x7e33fd000 of 12288 bytes failed: Seule une partie d’une requête ReadProcessMemory ou WriteProcessMemory a été effectuée. (0x12B)
[0629/120508.323:ERROR:process_memory_win.cc(73)] ReadMemory at 0x7e35fb000 of 20480 bytes failed: Seule une partie d’une requête ReadProcessMemory ou WriteProcessMemory a été effectuée. (0x12B)
[0629/120508.323:ERROR:process_memory_win.cc(73)] ReadMemory at 0x7e37ff000 of 4096 bytes failed: Seule une partie d’une requête ReadProcessMemory ou WriteProcessMemory a été effectuée. (0x12B)
[0629/120508.323:ERROR:process_memory_win.cc(73)] ReadMemory at 0x7e39fd000 of 12288 bytes failed: Seule une partie d’une requête ReadProcessMemory ou WriteProcessMemory a été effectuée. (0x12B)
[0629/120508.323:ERROR:process_memory_win.cc(73)] ReadMemory at 0x7e3bfb000 of 20480 bytes failed: Seule une partie d’une requête ReadProcessMemory ou WriteProcessMemory a été effectuée. (0x12B)
[0629/120508.323:ERROR:process_memory_win.cc(73)] ReadMemory at 0x7e3ff6000 of 40960 bytes failed: Seule une partie d’une requête ReadProcessMemory ou WriteProcessMemory a été effectuée. (0x12B)
[0629/120508.324:ERROR:process_memory_win.cc(73)] ReadMemory at 0x7e41f6000 of 40960 bytes failed: Seule une partie d’une requête ReadProcessMemory ou WriteProcessMemory a été effectuée. (0x12B)
[0629/120508.324:ERROR:process_memory_win.cc(73)] ReadMemory at 0x7e43fc000 of 16384 bytes failed: Seule une partie d’une requête ReadProcessMemory ou WriteProcessMemory a été effectuée. (0x12B)
[0629/120508.324:ERROR:process_memory_win.cc(73)] ReadMemory at 0x7e4dfc000 of 16384 bytes failed: Seule une partie d’une requête ReadProcessMemory ou WriteProcessMemory a été effectuée. (0x12B)
[0629/120508.324:ERROR:process_memory_win.cc(73)] ReadMemory at 0x7e31fd000 of 12288 bytes failed: Seule une partie d’une requête ReadProcessMemory ou WriteProcessMemory a été effectuée. (0x12B)
[0629/120508.324:ERROR:process_memory_win.cc(73)] ReadMemory at 0x7e3df8000 of 32768 bytes failed: Seule une partie d’une requête ReadProcessMemory ou WriteProcessMemory a été effectuée. (0x12B)
[0629/120508.324:ERROR:process_memory_win.cc(73)] ReadMemory at 0x7e47fb000 of 20480 bytes failed: Seule une partie d’une requête ReadProcessMemory ou WriteProcessMemory a été effectuée. (0x12B)
[0629/120508.324:ERROR:process_memory_win.cc(73)] ReadMemory at 0x7e45fd000 of 12288 bytes failed: Seule une partie d’une requête ReadProcessMemory ou WriteProcessMemory a été effectuée. (0x12B)
[0629/120508.324:ERROR:process_memory_win.cc(73)] ReadMemory at 0x7e49ff000 of 4096 bytes failed: Seule une partie d’une requête ReadProcessMemory ou WriteProcessMemory a été effectuée. (0x12B)
[0629/120508.325:ERROR:process_memory_win.cc(73)] ReadMemory at 0x7e2a14000 of 6024 bytes failed: Seule une partie d’une requête ReadProcessMemory ou WriteProcessMemory a été effectuée. (0x12B)
[0629/120508.325:ERROR:process_memory_win.cc(73)] ReadMemory at 0x7e2a22000 of 6024 bytes failed: Seule une partie d’une requête ReadProcessMemory ou WriteProcessMemory a été effectuée. (0x12B)
[0629/120508.325:ERROR:process_memory_win.cc(73)] ReadMemory at 0x7e2a24000 of 6024 bytes failed: Seule une partie d’une requête ReadProcessMemory ou WriteProcessMemory a été effectuée. (0x12B)
[0629/120508.325:ERROR:process_memory_win.cc(73)] ReadMemory at 0x7e2adb000 of 852 bytes failed: Seule une partie d’une requête ReadProcessMemory ou WriteProcessMemory a été effectuée. (0x12B)
[0629/120508.325:ERROR:process_memory_win.cc(73)] ReadMemory at 0x7e2adc000 of 6024 bytes failed: Seule une partie d’une requête ReadProcessMemory ou WriteProcessMemory a été effectuée. (0x12B)
[0629/120508.325:ERROR:process_memory_win.cc(73)] ReadMemory at 0x7e2ade000 of 6024 bytes failed: Seule une partie d’une requête ReadProcessMemory ou WriteProcessMemory a été effectuée. (0x12B)
[0629/120508.325:ERROR:process_memory_win.cc(73)] ReadMemory at 0x7e2ae2000 of 6024 bytes failed: Seule une partie d’une requête ReadProcessMemory ou WriteProcessMemory a été effectuée. (0x12B)
[0629/120508.325:ERROR:process_memory_win.cc(73)] ReadMemory at 0x7e2ae4000 of 6024 bytes failed: Seule une partie d’une requête ReadProcessMemory ou WriteProcessMemory a été effectuée. (0x12B)
[0629/120508.325:ERROR:process_memory_win.cc(73)] ReadMemory at 0x7e2ae6000 of 6024 bytes failed: Seule une partie d’une requête ReadProcessMemory ou WriteProcessMemory a été effectuée. (0x12B)
[0629/120508.325:ERROR:process_memory_win.cc(73)] ReadMemory at 0x7e2ae8000 of 6024 bytes failed: Seule une partie d’une requête ReadProcessMemory ou WriteProcessMemory a été effectuée. (0x12B)
[0629/120508.325:ERROR:process_memory_win.cc(73)] ReadMemory at 0x7e2aea000 of 6024 bytes failed: Seule une partie d’une requête ReadProcessMemory ou WriteProcessMemory a été effectuée. (0x12B)
[0629/120508.325:ERROR:process_memory_win.cc(73)] ReadMemory at 0x7e2aee000 of 6024 bytes failed: Seule une partie d’une requête ReadProcessMemory ou WriteProcessMemory a été effectuée. (0x12B)
[0629/120508.325:ERROR:process_memory_win.cc(73)] ReadMemory at 0x7e2af0000 of 6024 bytes failed: Seule une partie d’une requête ReadProcessMemory ou WriteProcessMemory a été effectuée. (0x12B)
[0629/120508.325:ERROR:process_memory_win.cc(73)] ReadMemory at 0x7e2af2000 of 6024 bytes failed: Seule une partie d’une requête ReadProcessMemory ou WriteProcessMemory a été effectuée. (0x12B)
[0629/120508.326:ERROR:process_memory_win.cc(73)] ReadMemory at 0x7e2afc000 of 6024 bytes failed: Seule une partie d’une requête ReadProcessMemory ou WriteProcessMemory a été effectuée. (0x12B)
[0629/120508.326:ERROR:process_memory_win.cc(73)] ReadMemory at 0x7e2b00000 of 6024 bytes failed: Seule une partie d’une requête ReadProcessMemory ou WriteProcessMemory a été effectuée. (0x12B)
[0629/120508.326:ERROR:process_memory_win.cc(73)] ReadMemory at 0x7e2b02000 of 6024 bytes failed: Seule une partie d’une requête ReadProcessMemory ou WriteProcessMemory a été effectuée. (0x12B)
[0629/120508.326:ERROR:process_memory_win.cc(73)] ReadMemory at 0x1670d420fc0 of 15736 bytes failed: Seule une partie d’une requête ReadProcessMemory ou WriteProcessMemory a été effectuée. (0x12B)
[0629/120508.326:ERROR:process_memory_win.cc(73)] ReadMemory at 0x1670d424d40 of 1012 bytes failed: Seule une partie d’une requête ReadProcessMemory ou WriteProcessMemory a été effectuée. (0x12B)
[0629/120508.326:ERROR:process_memory_win.cc(73)] ReadMemory at 0x1670d425358 of 118 bytes failed: Seule une partie d’une requête ReadProcessMemory ou WriteProcessMemory a été effectuée. (0x12B)
[0629/120508.326:ERROR:process_memory_win.cc(73)] ReadMemory at 0x1670d4253d0 of 1000 bytes failed: Seule une partie d’une requête ReadProcessMemory ou WriteProcessMemory a été effectuée. (0x12B)
[0629/120508.326:ERROR:process_memory_win.cc(73)] ReadMemory at 0x1670d4257ba of 118 bytes failed: Seule une partie d’une requête ReadProcessMemory ou WriteProcessMemory a été effectuée. (0x12B)
[0629/120508.326:ERROR:process_memory_win.cc(73)] ReadMemory at 0x1670d425832 of 94 bytes failed: Seule une partie d’une requête ReadProcessMemory ou WriteProcessMemory a été effectuée. (0x12B)
[0629/120508.326:ERROR:process_memory_win.cc(73)] ReadMemory at 0x1670d4258a0 of 58 bytes failed: Seule une partie d’une requête ReadProcessMemory ou WriteProcessMemory a été effectuée. (0x12B)
[0629/120508.326:ERROR:process_memory_win.cc(73)] ReadMemory at 0x1670d4259a0 of 132 bytes failed: Seule une partie d’une requête ReadProcessMemory ou WriteProcessMemory a été effectuée. (0x12B)
[0629/120508.326:ERROR:process_memory_win.cc(73)] ReadMemory at 0x1670d425b30 of 132 bytes failed: Seule une partie d’une requête ReadProcessMemory ou WriteProcessMemory a été effectuée. (0x12B)
[0629/120508.326:ERROR:process_memory_win.cc(73)] ReadMemory at 0x1670d425cf0 of 126 bytes failed: Seule une partie d’une requête ReadProcessMemory ou WriteProcessMemory a été effectuée. (0x12B)
[0629/120508.326:ERROR:process_memory_win.cc(73)] ReadMemory at 0x1670d4260d0 of 132 bytes failed: Seule une partie d’une requête ReadProcessMemory ou WriteProcessMemory a été effectuée. (0x12B)
[0629/120508.326:ERROR:process_memory_win.cc(73)] ReadMemory at 0x1670d426260 of 64 bytes failed: Seule une partie d’une requête ReadProcessMemory ou WriteProcessMemory a été effectuée. (0x12B)
[0629/120508.326:ERROR:process_memory_win.cc(73)] ReadMemory at 0x1670d4266b0 of 132 bytes failed: Seule une partie d’une requête ReadProcessMemory ou WriteProcessMemory a été effectuée. (0x12B)
[0629/120508.326:ERROR:process_memory_win.cc(73)] ReadMemory at 0x1670d426840 of 68 bytes failed: Seule une partie d’une requête ReadProcessMemory ou WriteProcessMemory a été effectuée. (0x12B)
[0629/120508.326:ERROR:process_memory_win.cc(73)] ReadMemory at 0x1670d427670 of 132 bytes failed: Seule une partie d’une requête ReadProcessMemory ou WriteProcessMemory a été effectuée. (0x12B)
[0629/120508.326:ERROR:process_memory_win.cc(73)] ReadMemory at 0x1670d4277a0 of 132 bytes failed: Seule une partie d’une requête ReadProcessMemory ou WriteProcessMemory a été effectuée. (0x12B)
[0629/120508.327:ERROR:process_memory_win.cc(73)] ReadMemory at 0x1670d4278d0 of 62 bytes failed: Seule une partie d’une requête ReadProcessMemory ou WriteProcessMemory a été effectuée. (0x12B)
[0629/120508.327:ERROR:process_memory_win.cc(73)] ReadMemory at 0x1670d427cd0 of 132 bytes failed: Seule une partie d’une requête ReadProcessMemory ou WriteProcessMemory a été effectuée. (0x12B)
[0629/120508.327:ERROR:process_memory_win.cc(73)] ReadMemory at 0x1670d427e60 of 60 bytes failed: Seule une partie d’une requête ReadProcessMemory ou WriteProcessMemory a été effectuée. (0x12B)
[0629/120508.327:ERROR:process_memory_win.cc(73)] ReadMemory at 0x1670d427eb0 of 158 bytes failed: Seule une partie d’une requête ReadProcessMemory ou WriteProcessMemory a été effectuée. (0x12B)
[0629/120508.327:ERROR:process_memory_win.cc(73)] ReadMemory at 0x1670d4280b0 of 132 bytes failed: Seule une partie d’une requête ReadProcessMemory ou WriteProcessMemory a été effectuée. (0x12B)
[0629/120508.327:ERROR:process_memory_win.cc(73)] ReadMemory at 0x1670d428240 of 64 bytes failed: Seule une partie d’une requête ReadProcessMemory ou WriteProcessMemory a été effectuée. (0x12B)
[0629/120508.327:ERROR:process_memory_win.cc(73)] ReadMemory at 0x1670d4284c0 of 132 bytes failed: Seule une partie d’une requête ReadProcessMemory ou WriteProcessMemory a été effectuée. (0x12B)
[0629/120508.327:ERROR:process_memory_win.cc(73)] ReadMemory at 0x1670d428650 of 64 bytes failed: Seule une partie d’une requête ReadProcessMemory ou WriteProcessMemory a été effectuée. (0x12B)
[0629/120508.327:ERROR:process_memory_win.cc(73)] ReadMemory at 0x1670d4288b0 of 132 bytes failed: Seule une partie d’une requête ReadProcessMemory ou WriteProcessMemory a été effectuée. (0x12B)
[0629/120508.327:ERROR:process_memory_win.cc(73)] ReadMemory at 0x1670d428a40 of 60 bytes failed: Seule une partie d’une requête ReadProcessMemory ou WriteProcessMemory a été effectuée. (0x12B)
[0629/120508.327:ERROR:process_memory_win.cc(73)] ReadMemory at 0x1670d428d60 of 132 bytes failed: Seule une partie d’une requête ReadProcessMemory ou WriteProcessMemory a été effectuée. (0x12B)
[0629/120508.327:ERROR:process_memory_win.cc(73)] ReadMemory at 0x1670d428ef0 of 60 bytes failed: Seule une partie d’une requête ReadProcessMemory ou WriteProcessMemory a été effectuée. (0x12B)
[0629/120508.327:ERROR:process_memory_win.cc(73)] ReadMemory at 0x1670d429130 of 132 bytes failed: Seule une partie d’une requête ReadProcessMemory ou WriteProcessMemory a été effectuée. (0x12B)
[0629/120508.327:ERROR:process_memory_win.cc(73)] ReadMemory at 0x1670d4292c0 of 62 bytes failed: Seule une partie d’une requête ReadProcessMemory ou WriteProcessMemory a été effectuée. (0x12B)
[0629/120508.327:ERROR:process_memory_win.cc(73)] ReadMemory at 0x1670d429630 of 132 bytes failed: Seule une partie d’une requête ReadProcessMemory ou WriteProcessMemory a été effectuée. (0x12B)
[0629/120508.327:ERROR:process_memory_win.cc(73)] ReadMemory at 0x1670d4297c0 of 80 bytes failed: Seule une partie d’une requête ReadProcessMemory ou WriteProcessMemory a été effectuée. (0x12B)
[0629/120508.327:ERROR:process_memory_win.cc(73)] ReadMemory at 0x1670d42be00 of 132 bytes failed: Seule une partie d’une requête ReadProcessMemory ou WriteProcessMemory a été effectuée. (0x12B)
[0629/120508.327:ERROR:process_memory_win.cc(73)] ReadMemory at 0x1670d42c460 of 76 bytes failed: Seule une partie d’une requête ReadProcessMemory ou WriteProcessMemory a été effectuée. (0x12B)
[0629/120508.327:ERROR:process_memory_win.cc(73)] ReadMemory at 0x1670d42c6a0 of 78 bytes failed: Seule une partie d’une requête ReadProcessMemory ou WriteProcessMemory a été effectuée. (0x12B)
[0629/120508.327:ERROR:process_memory_win.cc(73)] ReadMemory at 0x1670d42cce0 of 246 bytes failed: Seule une partie d’une requête ReadProcessMemory ou WriteProcessMemory a été effectuée. (0x12B)
[0629/120508.327:ERROR:process_memory_win.cc(73)] ReadMemory at 0x1670d42d360 of 132 bytes failed: Seule une partie d’une requête ReadProcessMemory ou WriteProcessMemory a été effectuée. (0x12B)
[0629/120508.327:ERROR:process_memory_win.cc(73)] ReadMemory at 0x1670d42d490 of 64 bytes failed: Seule une partie d’une requête ReadProcessMemory ou WriteProcessMemory a été effectuée. (0x12B)
[0629/120508.327:ERROR:process_memory_win.cc(73)] ReadMemory at 0x1670d42d700 of 132 bytes failed: Seule une partie d’une requête ReadProcessMemory ou WriteProcessMemory a été effectuée. (0x12B)
[0629/120508.328:ERROR:process_memory_win.cc(73)] ReadMemory at 0x1670d42d830 of 62 bytes failed: Seule une partie d’une requête ReadProcessMemory ou WriteProcessMemory a été effectuée. (0x12B)
[0629/120508.328:ERROR:process_memory_win.cc(73)] ReadMemory at 0x1670d42da60 of 132 bytes failed: Seule une partie d’une requête ReadProcessMemory ou WriteProcessMemory a été effectuée. (0x12B)
[0629/120508.328:ERROR:process_memory_win.cc(73)] ReadMemory at 0x1670d42db90 of 62 bytes failed: Seule une partie d’une requête ReadProcessMemory ou WriteProcessMemory a été effectuée. (0x12B)
[0629/120508.328:ERROR:process_memory_win.cc(73)] ReadMemory at 0x1670d42de90 of 132 bytes failed: Seule une partie d’une requête ReadProcessMemory ou WriteProcessMemory a été effectuée. (0x12B)
[0629/120508.328:ERROR:process_memory_win.cc(73)] ReadMemory at 0x1670d42dfc0 of 132 bytes failed: Seule une partie d’une requête ReadProcessMemory ou WriteProcessMemory a été effectuée. (0x12B)
[0629/120508.328:ERROR:process_memory_win.cc(73)] ReadMemory at 0x1670d42e0f0 of 132 bytes failed: Seule une partie d’une requête ReadProcessMemory ou WriteProcessMemory a été effectuée. (0x12B)
[0629/120508.328:ERROR:process_memory_win.cc(73)] ReadMemory at 0x1670d42e220 of 132 bytes failed: Seule une partie d’une requête ReadProcessMemory ou WriteProcessMemory a été effectuée. (0x12B)
[0629/120508.328:ERROR:process_memory_win.cc(73)] ReadMemory at 0x1670d42e350 of 132 bytes failed: Seule une partie d’une requête ReadProcessMemory ou WriteProcessMemory a été effectuée. (0x12B)
[0629/120508.328:ERROR:process_memory_win.cc(73)] ReadMemory at 0x1670d42e480 of 132 bytes failed: Seule une partie d’une requête ReadProcessMemory ou WriteProcessMemory a été effectuée. (0x12B)
[0629/120508.328:ERROR:process_memory_win.cc(73)] ReadMemory at 0x1670d42e5b0 of 132 bytes failed: Seule une partie d’une requête ReadProcessMemory ou WriteProcessMemory a été effectuée. (0x12B)
[0629/120508.328:ERROR:process_memory_win.cc(73)] ReadMemory at 0x1670d42e6e0 of 132 bytes failed: Seule une partie d’une requête ReadProcessMemory ou WriteProcessMemory a été effectuée. (0x12B)
[0629/120508.328:ERROR:process_memory_win.cc(73)] ReadMemory at 0x1670d42e940 of 132 bytes failed: Seule une partie d’une requête ReadProcessMemory ou WriteProcessMemory a été effectuée. (0x12B)
[0629/120508.328:ERROR:process_memory_win.cc(73)] ReadMemory at 0x1670d42ea70 of 132 bytes failed: Seule une partie d’une requête ReadProcessMemory ou WriteProcessMemory a été effectuée. (0x12B)
[0629/120508.328:ERROR:process_memory_win.cc(73)] ReadMemory at 0x1670d42eba0 of 132 bytes failed: Seule une partie d’une requête ReadProcessMemory ou WriteProcessMemory a été effectuée. (0x12B)
[0629/120508.328:ERROR:process_memory_win.cc(73)] ReadMemory at 0x1670d42ecd0 of 132 bytes failed: Seule une partie d’une requête ReadProcessMemory ou WriteProcessMemory a été effectuée. (0x12B)
[0629/120508.328:ERROR:process_memory_win.cc(73)] ReadMemory at 0x1670d42eea0 of 60 bytes failed: Seule une partie d’une requête ReadProcessMemory ou WriteProcessMemory a été effectuée. (0x12B)
[0629/120508.328:ERROR:process_memory_win.cc(73)] ReadMemory at 0x1670d42eef0 of 66 bytes failed: Seule une partie d’une requête ReadProcessMemory ou WriteProcessMemory a été effectuée. (0x12B)
[0629/120508.328:ERROR:process_memory_win.cc(73)] ReadMemory at 0x1670d42ef40 of 64 bytes failed: Seule une partie d’une requête ReadProcessMemory ou WriteProcessMemory a été effectuée. (0x12B)
[0629/120508.328:ERROR:process_memory_win.cc(73)] ReadMemory at 0x1670d42f030 of 62 bytes failed: Seule une partie d’une requête ReadProcessMemory ou WriteProcessMemory a été effectuée. (0x12B)
[0629/120508.328:ERROR:process_memory_win.cc(73)] ReadMemory at 0x1670d42f080 of 66 bytes failed: Seule une partie d’une requête ReadProcessMemory ou WriteProcessMemory a été effectuée. (0x12B)
[0629/120508.328:ERROR:process_memory_win.cc(73)] ReadMemory at 0x1670d42f120 of 62 bytes failed: Seule une partie d’une requête ReadProcessMemory ou WriteProcessMemory a été effectuée. (0x12B)
[0629/120508.328:ERROR:process_memory_win.cc(73)] ReadMemory at 0x1670d42f1c0 of 58 bytes failed: Seule une partie d’une requête ReadProcessMemory ou WriteProcessMemory a été effectuée. (0x12B)
[0629/120508.328:ERROR:process_memory_win.cc(73)] ReadMemory at 0x1670d42f210 of 66 bytes failed: Seule une partie d’une requête ReadProcessMemory ou WriteProcessMemory a été effectuée. (0x12B)
[0629/120508.328:ERROR:process_memory_win.cc(73)] ReadMemory at 0x1670d42f3a0 of 60 bytes failed: Seule une partie d’une requête ReadProcessMemory ou WriteProcessMemory a été effectuée. (0x12B)
[0629/120508.329:ERROR:process_memory_win.cc(73)] ReadMemory at 0x1670d42f3f0 of 62 bytes failed: Seule une partie d’une requête ReadProcessMemory ou WriteProcessMemory a été effectuée. (0x12B)
[0629/120508.329:ERROR:process_memory_win.cc(73)] ReadMemory at 0x1670d42f440 of 66 bytes failed: Seule une partie d’une requête ReadProcessMemory ou WriteProcessMemory a été effectuée. (0x12B)
[0629/120508.329:ERROR:process_memory_win.cc(73)] ReadMemory at 0x1670d42f4e0 of 62 bytes failed: Seule une partie d’une requête ReadProcessMemory ou WriteProcessMemory a été effectuée. (0x12B)
[0629/120508.329:ERROR:process_memory_win.cc(73)] ReadMemory at 0x1670d42f580 of 58 bytes failed: Seule une partie d’une requête ReadProcessMemory ou WriteProcessMemory a été effectuée. (0x12B)
[0629/120508.329:ERROR:process_memory_win.cc(73)] ReadMemory at 0x1670d42f5d0 of 60 bytes failed: Seule une partie d’une requête ReadProcessMemory ou WriteProcessMemory a été effectuée. (0x12B)
[0629/120508.329:ERROR:process_memory_win.cc(73)] ReadMemory at 0x1670d430f80 of 154 bytes failed: Seule une partie d’une requête ReadProcessMemory ou WriteProcessMemory a été effectuée. (0x12B)
[0629/120508.329:ERROR:process_memory_win.cc(73)] ReadMemory at 0x1670d432a60 of 512 bytes failed: Seule une partie d’une requête ReadProcessMemory ou WriteProcessMemory a été effectuée. (0x12B)
[0629/120508.329:ERROR:process_memory_win.cc(73)] ReadMemory at 0x1670d433c40 of 132 bytes failed: Seule une partie d’une requête ReadProcessMemory ou WriteProcessMemory a été effectuée. (0x12B)
[0629/120508.329:ERROR:process_memory_win.cc(73)] ReadMemory at 0x1670d433ea0 of 132 bytes failed: Seule une partie d’une requête ReadProcessMemory ou WriteProcessMemory a été effectuée. (0x12B)
[0629/120508.329:ERROR:process_memory_win.cc(73)] ReadMemory at 0x1670d433fd0 of 132 bytes failed: Seule une partie d’une requête ReadProcessMemory ou WriteProcessMemory a été effectuée. (0x12B)
[0629/120508.329:ERROR:process_memory_win.cc(73)] ReadMemory at 0x1670d434100 of 132 bytes failed: Seule une partie d’une requête ReadProcessMemory ou WriteProcessMemory a été effectuée. (0x12B)
[0629/120508.329:ERROR:process_memory_win.cc(73)] ReadMemory at 0x1670d434230 of 132 bytes failed: Seule une partie d’une requête ReadProcessMemory ou WriteProcessMemory a été effectuée. (0x12B)
[0629/120508.329:ERROR:process_memory_win.cc(73)] ReadMemory at 0x1670d434360 of 132 bytes failed: Seule une partie d’une requête ReadProcessMemory ou WriteProcessMemory a été effectuée. (0x12B)
[0629/120508.329:ERROR:process_memory_win.cc(73)] ReadMemory at 0x1670d434490 of 132 bytes failed: Seule une partie d’une requête ReadProcessMemory ou WriteProcessMemory a été effectuée. (0x12B)
[0629/120508.329:ERROR:process_memory_win.cc(73)] ReadMemory at 0x1670d4345c0 of 132 bytes failed: Seule une partie d’une requête ReadProcessMemory ou WriteProcessMemory a été effectuée. (0x12B)
[0629/120508.329:ERROR:process_memory_win.cc(73)] ReadMemory at 0x1670d4346f0 of 132 bytes failed: Seule une partie d’une requête ReadProcessMemory ou WriteProcessMemory a été effectuée. (0x12B)
[0629/120508.329:ERROR:process_memory_win.cc(73)] ReadMemory at 0x1670d434820 of 132 bytes failed: Seule une partie d’une requête ReadProcessMemory ou WriteProcessMemory a été effectuée. (0x12B)
[0629/120508.329:ERROR:process_memory_win.cc(73)] ReadMemory at 0x1670d434950 of 132 bytes failed: Seule une partie d’une requête ReadProcessMemory ou WriteProcessMemory a été effectuée. (0x12B)
[0629/120508.329:ERROR:process_memory_win.cc(73)] ReadMemory at 0x1670d434a80 of 132 bytes failed: Seule une partie d’une requête ReadProcessMemory ou WriteProcessMemory a été effectuée. (0x12B)
[0629/120508.329:ERROR:process_memory_win.cc(73)] ReadMemory at 0x1670d434bb0 of 132 bytes failed: Seule une partie d’une requête ReadProcessMemory ou WriteProcessMemory a été effectuée. (0x12B)
[0629/120508.329:ERROR:process_memory_win.cc(73)] ReadMemory at 0x1670d434ce0 of 132 bytes failed: Seule une partie d’une requête ReadProcessMemory ou WriteProcessMemory a été effectuée. (0x12B)
[0629/120508.329:ERROR:process_memory_win.cc(73)] ReadMemory at 0x1670d434e10 of 132 bytes failed: Seule une partie d’une requête ReadProcessMemory ou WriteProcessMemory a été effectuée. (0x12B)
[0629/120508.329:ERROR:process_memory_win.cc(73)] ReadMemory at 0x1670d434f40 of 132 bytes failed: Seule une partie d’une requête ReadProcessMemory ou WriteProcessMemory a été effectuée. (0x12B)
[0629/120508.329:ERROR:process_memory_win.cc(73)] ReadMemory at 0x1670d435070 of 132 bytes failed: Seule une partie d’une requête ReadProcessMemory ou WriteProcessMemory a été effectuée. (0x12B)
[0629/120508.330:ERROR:process_memory_win.cc(73)] ReadMemory at 0x1670d4351a0 of 132 bytes failed: Seule une partie d’une requête ReadProcessMemory ou WriteProcessMemory a été effectuée. (0x12B)
[0629/120508.330:ERROR:process_memory_win.cc(73)] ReadMemory at 0x1670d4352d0 of 132 bytes failed: Seule une partie d’une requête ReadProcessMemory ou WriteProcessMemory a été effectuée. (0x12B)
[0629/120508.330:ERROR:process_memory_win.cc(73)] ReadMemory at 0x1670d435400 of 132 bytes failed: Seule une partie d’une requête ReadProcessMemory ou WriteProcessMemory a été effectuée. (0x12B)
[0629/120508.330:ERROR:process_memory_win.cc(73)] ReadMemory at 0x1670d435530 of 132 bytes failed: Seule une partie d’une requête ReadProcessMemory ou WriteProcessMemory a été effectuée. (0x12B)
[0629/120508.330:ERROR:process_memory_win.cc(73)] ReadMemory at 0x1670d435660 of 132 bytes failed: Seule une partie d’une requête ReadProcessMemory ou WriteProcessMemory a été effectuée. (0x12B)
[0629/120508.330:ERROR:process_memory_win.cc(73)] ReadMemory at 0x1670d435790 of 132 bytes failed: Seule une partie d’une requête ReadProcessMemory ou WriteProcessMemory a été effectuée. (0x12B)
[0629/120508.330:ERROR:process_memory_win.cc(73)] ReadMemory at 0x1670d4358c0 of 132 bytes failed: Seule une partie d’une requête ReadProcessMemory ou WriteProcessMemory a été effectuée. (0x12B)
[0629/120508.330:ERROR:process_memory_win.cc(73)] ReadMemory at 0x1670d4359f0 of 132 bytes failed: Seule une partie d’une requête ReadProcessMemory ou WriteProcessMemory a été effectuée. (0x12B)
[0629/120508.330:ERROR:process_memory_win.cc(73)] ReadMemory at 0x1670d436f00 of 80 bytes failed: Seule une partie d’une requête ReadProcessMemory ou WriteProcessMemory a été effectuée. (0x12B)
[0629/120508.330:ERROR:process_memory_win.cc(73)] ReadMemory at 0x1670d438d00 of 60 bytes failed: Seule une partie d’une requête ReadProcessMemory ou WriteProcessMemory a été effectuée. (0x12B)
[0629/120508.330:ERROR:process_memory_win.cc(73)] ReadMemory at 0x1670d438ee0 of 58 bytes failed: Seule une partie d’une requête ReadProcessMemory ou WriteProcessMemory a été effectuée. (0x12B)
[0629/120508.330:ERROR:process_memory_win.cc(73)] ReadMemory at 0x1670d438f30 of 64 bytes failed: Seule une partie d’une requête ReadProcessMemory ou WriteProcessMemory a été effectuée. (0x12B)
[0629/120508.330:ERROR:process_memory_win.cc(73)] ReadMemory at 0x1670d438f80 of 64 bytes failed: Seule une partie d’une requête ReadProcessMemory ou WriteProcessMemory a été effectuée. (0x12B)
[0629/120508.330:ERROR:process_memory_win.cc(73)] ReadMemory at 0x1670d438fd0 of 60 bytes failed: Seule une partie d’une requête ReadProcessMemory ou WriteProcessMemory a été effectuée. (0x12B)
[0629/120508.330:ERROR:process_memory_win.cc(73)] ReadMemory at 0x1670d439700 of 58 bytes failed: Seule une partie d’une requête ReadProcessMemory ou WriteProcessMemory a été effectuée. (0x12B)
[0629/120508.330:ERROR:process_memory_win.cc(73)] ReadMemory at 0x1670d441650 of 54 bytes failed: Seule une partie d’une requête ReadProcessMemory ou WriteProcessMemory a été effectuée. (0x12B)
[0629/120508.330:ERROR:process_memory_win.cc(73)] ReadMemory at 0x1670d448660 of 64 bytes failed: Seule une partie d’une requête ReadProcessMemory ou WriteProcessMemory a été effectuée. (0x12B)
[0629/120508.330:ERROR:process_memory_win.cc(73)] ReadMemory at 0x1670d448890 of 64 bytes failed: Seule une partie d’une requête ReadProcessMemory ou WriteProcessMemory a été effectuée. (0x12B)
[0629/120508.330:ERROR:process_memory_win.cc(73)] ReadMemory at 0x1670d448930 of 64 bytes failed: Seule une partie d’une requête ReadProcessMemory ou WriteProcessMemory a été effectuée. (0x12B)
[0629/120508.330:ERROR:process_memory_win.cc(73)] ReadMemory at 0x1670d448980 of 62 bytes failed: Seule une partie d’une requête ReadProcessMemory ou WriteProcessMemory a été effectuée. (0x12B)
[0629/120508.330:ERROR:process_memory_win.cc(73)] ReadMemory at 0x1670d4489d0 of 60 bytes failed: Seule une partie d’une requête ReadProcessMemory ou WriteProcessMemory a été effectuée. (0x12B)
[0629/120508.330:ERROR:process_memory_win.cc(73)] ReadMemory at 0x1670d448a20 of 60 bytes failed: Seule une partie d’une requête ReadProcessMemory ou WriteProcessMemory a été effectuée. (0x12B)
[0629/120508.330:ERROR:process_memory_win.cc(73)] ReadMemory at 0x1670d448ac0 of 62 bytes failed: Seule une partie d’une requête ReadProcessMemory ou WriteProcessMemory a été effectuée. (0x12B)
[0629/120508.331:ERROR:process_memory_win.cc(73)] ReadMemory at 0x1670d448b10 of 64 bytes failed: Seule une partie d’une requête ReadProcessMemory ou WriteProcessMemory a été effectuée. (0x12B)
[0629/120508.331:ERROR:process_memory_win.cc(73)] ReadMemory at 0x1670d448de0 of 60 bytes failed: Seule une partie d’une requête ReadProcessMemory ou WriteProcessMemory a été effectuée. (0x12B)
[0629/120508.331:ERROR:process_memory_win.cc(73)] ReadMemory at 0x1670d448e30 of 58 bytes failed: Seule une partie d’une requête ReadProcessMemory ou WriteProcessMemory a été effectuée. (0x12B)
[0629/120508.331:ERROR:process_memory_win.cc(73)] ReadMemory at 0x1670d448e80 of 60 bytes failed: Seule une partie d’une requête ReadProcessMemory ou WriteProcessMemory a été effectuée. (0x12B)
[0629/120508.331:ERROR:process_memory_win.cc(73)] ReadMemory at 0x1670d449010 of 62 bytes failed: Seule une partie d’une requête ReadProcessMemory ou WriteProcessMemory a été effectuée. (0x12B)
[0629/120508.331:ERROR:process_memory_win.cc(73)] ReadMemory at 0x1670d4490b0 of 64 bytes failed: Seule une partie d’une requête ReadProcessMemory ou WriteProcessMemory a été effectuée. (0x12B)
[0629/120508.331:ERROR:process_memory_win.cc(73)] ReadMemory at 0x1670d449100 of 56 bytes failed: Seule une partie d’une requête ReadProcessMemory ou WriteProcessMemory a été effectuée. (0x12B)
[0629/120508.331:ERROR:process_memory_win.cc(73)] ReadMemory at 0x1670d4491a0 of 62 bytes failed: Seule une partie d’une requête ReadProcessMemory ou WriteProcessMemory a été effectuée. (0x12B)
[0629/120508.331:ERROR:process_memory_win.cc(73)] ReadMemory at 0x1670d449240 of 62 bytes failed: Seule une partie d’une requête ReadProcessMemory ou WriteProcessMemory a été effectuée. (0x12B)
[0629/120508.331:ERROR:process_memory_win.cc(73)] ReadMemory at 0x1670d449380 of 64 bytes failed: Seule une partie d’une requête ReadProcessMemory ou WriteProcessMemory a été effectuée. (0x12B)
[0629/120508.331:ERROR:process_memory_win.cc(73)] ReadMemory at 0x1670d44a840 of 132 bytes failed: Seule une partie d’une requête ReadProcessMemory ou WriteProcessMemory a été effectuée. (0x12B)
[0629/120508.331:ERROR:process_memory_win.cc(73)] ReadMemory at 0x1670d44a970 of 132 bytes failed: Seule une partie d’une requête ReadProcessMemory ou WriteProcessMemory a été effectuée. (0x12B)
[0629/120508.331:ERROR:process_memory_win.cc(73)] ReadMemory at 0x1670d44b7b0 of 132 bytes failed: Seule une partie d’une requête ReadProcessMemory ou WriteProcessMemory a été effectuée. (0x12B)
[0629/120508.331:ERROR:process_memory_win.cc(73)] ReadMemory at 0x1670d44bed0 of 132 bytes failed: Seule une partie d’une requête ReadProcessMemory ou WriteProcessMemory a été effectuée. (0x12B)
[0629/120508.331:ERROR:process_memory_win.cc(73)] ReadMemory at 0x1670d44c130 of 132 bytes failed: Seule une partie d’une requête ReadProcessMemory ou WriteProcessMemory a été effectuée. (0x12B)
[0629/120508.331:ERROR:process_memory_win.cc(73)] ReadMemory at 0x1670d45cf50 of 512 bytes failed: Seule une partie d’une requête ReadProcessMemory ou WriteProcessMemory a été effectuée. (0x12B)
[0629/120508.331:ERROR:process_memory_win.cc(73)] ReadMemory at 0x1670d45df50 of 512 bytes failed: Seule une partie d’une requête ReadProcessMemory ou WriteProcessMemory a été effectuée. (0x12B)
[0629/120508.331:ERROR:process_memory_win.cc(73)] ReadMemory at 0x1670dc427a0 of 512 bytes failed: Seule une partie d’une requête ReadProcessMemory ou WriteProcessMemory a été effectuée. (0x12B)
[0629/120508.331:ERROR:process_memory_win.cc(73)] ReadMemory at 0x1670dc43310 of 512 bytes failed: Seule une partie d’une requête ReadProcessMemory ou WriteProcessMemory a été effectuée. (0x12B)
[0629/120508.331:ERROR:process_memory_win.cc(73)] ReadMemory at 0x1670dc7e8d0 of 712 bytes failed: Seule une partie d’une requête ReadProcessMemory ou WriteProcessMemory a été effectuée. (0x12B)
[0629/120508.331:ERROR:process_memory_win.cc(73)] ReadMemory at 0x1670dc8a010 of 512 bytes failed: Seule une partie d’une requête ReadProcessMemory ou WriteProcessMemory a été effectuée. (0x12B)
[0629/120508.331:ERROR:process_memory_win.cc(73)] ReadMemory at 0x1670dc8abc0 of 512 bytes failed: Seule une partie d’une requête ReadProcessMemory ou WriteProcessMemory a été effectuée. (0x12B)
[0629/120508.331:ERROR:process_memory_win.cc(73)] ReadMemory at 0x1670dc8b560 of 512 bytes failed: Seule une partie d’une requête ReadProcessMemory ou WriteProcessMemory a été effectuée. (0x12B)
[0629/120508.332:ERROR:process_memory_win.cc(73)] ReadMemory at 0x16710023820 of 512 bytes failed: Seule une partie d’une requête ReadProcessMemory ou WriteProcessMemory a été effectuée. (0x12B)
[0629/120508.332:ERROR:process_memory_win.cc(73)] ReadMemory at 0x167100253d0 of 512 bytes failed: Seule une partie d’une requête ReadProcessMemory ou WriteProcessMemory a été effectuée. (0x12B)
[0629/120508.332:ERROR:process_memory_win.cc(73)] ReadMemory at 0x16710224f70 of 512 bytes failed: Seule une partie d’une requête ReadProcessMemory ou WriteProcessMemory a été effectuée. (0x12B)
[0629/120508.332:ERROR:process_memory_win.cc(73)] ReadMemory at 0x16712f025a0 of 512 bytes failed: Seule une partie d’une requête ReadProcessMemory ou WriteProcessMemory a été effectuée. (0x12B)
[0629/120508.332:ERROR:process_memory_win.cc(73)] ReadMemory at 0x167135e26b0 of 512 bytes failed: Seule une partie d’une requête ReadProcessMemory ou WriteProcessMemory a été effectuée. (0x12B)
[0629/120508.671:ERROR:scoped_process_suspend.cc(40)] NtResumeProcess: Tentative d’accès à un processus en cours d’arrêt. (0xc000010a)
